
> @verified-attention/core@0.1.0-dev build /Users/nickrotich/Desktop/portfolio/projects/python/verified-attention/packages/core
> tsdown

[34mℹ[39m tsdown [2mv0.11.13[22m powered by rolldown [2mv1.0.0-beta.9[22m
[34mℹ[39m Using tsdown config: [4m/Users/nickrotich/Desktop/portfolio/projects/python/verified-attention/packages/core/tsdown.config.ts[24m
(node:25573) [MODULE_TYPELESS_PACKAGE_JSON] Warning: Module type of file:///Users/nickrotich/Desktop/portfolio/projects/python/verified-attention/packages/core/tsdown.config.ts is not specified and it doesn't parse as CommonJS.
Reparsing as ES module because module syntax was detected. This incurs a performance overhead.
To eliminate this warning, add "type": "module" to /Users/nickrotich/Desktop/portfolio/projects/python/verified-attention/packages/core/package.json.
(Use `node --trace-warnings ...` to show where the warning was created)
[34mℹ[39m entry: [34msrc/claim.ts, src/common.ts, src/evidence.ts, src/index.ts, src/observation.ts, src/proof.ts, src/session.ts[39m
[34mℹ[39m target: [34mnode20.0.0[39m
[34mℹ[39m tsconfig: [34mtsconfig.json[39m
[34mℹ[39m Build start
[34mℹ[39m Cleaning 39 files
[34mℹ[39m [2mdist/[22m[1mindex.mjs[22m                       [2m 4.14 kB[22m [2m│ gzip: 0.90 kB[22m
[34mℹ[39m [2mdist/[22m[1mcommon.mjs[22m                      [2m 1.17 kB[22m [2m│ gzip: 0.30 kB[22m
[34mℹ[39m [2mdist/[22m[1mevidence.mjs[22m                    [2m 0.92 kB[22m [2m│ gzip: 0.25 kB[22m
[34mℹ[39m [2mdist/[22m[1mobservation.mjs[22m                 [2m 0.87 kB[22m [2m│ gzip: 0.23 kB[22m
[34mℹ[39m [2mdist/[22m[1msession.mjs[22m                     [2m 0.54 kB[22m [2m│ gzip: 0.21 kB[22m
[34mℹ[39m [2mdist/[22m[1mproof.mjs[22m                       [2m 0.52 kB[22m [2m│ gzip: 0.20 kB[22m
[34mℹ[39m [2mdist/[22m[1mclaim.mjs[22m                       [2m 0.43 kB[22m [2m│ gzip: 0.18 kB[22m
[34mℹ[39m [2mdist/[22mevidence-BLHMPDHf.mjs.map       [2m10.70 kB[22m [2m│ gzip: 3.07 kB[22m
[34mℹ[39m [2mdist/[22mobservation-COZWNqns.mjs.map    [2m 9.55 kB[22m [2m│ gzip: 2.64 kB[22m
[34mℹ[39m [2mdist/[22mcommon-AZW0W4mb.mjs.map         [2m 9.27 kB[22m [2m│ gzip: 2.97 kB[22m
[34mℹ[39m [2mdist/[22mproof-Dptf4kDm.mjs.map          [2m 8.67 kB[22m [2m│ gzip: 2.72 kB[22m
[34mℹ[39m [2mdist/[22msession-B5vdJWSn.mjs.map        [2m 8.28 kB[22m [2m│ gzip: 2.58 kB[22m
[34mℹ[39m [2mdist/[22mclaim-jpitgszJ.mjs.map          [2m 7.16 kB[22m [2m│ gzip: 2.38 kB[22m
[34mℹ[39m [2mdist/[22mcommon-AZW0W4mb.mjs             [2m 6.56 kB[22m [2m│ gzip: 2.14 kB[22m
[34mℹ[39m [2mdist/[22mevidence-BLHMPDHf.mjs           [2m 6.17 kB[22m [2m│ gzip: 1.85 kB[22m
[34mℹ[39m [2mdist/[22mobservation-COZWNqns.mjs        [2m 5.59 kB[22m [2m│ gzip: 1.67 kB[22m
[34mℹ[39m [2mdist/[22mproof-Dptf4kDm.mjs              [2m 4.96 kB[22m [2m│ gzip: 1.70 kB[22m
[34mℹ[39m [2mdist/[22mobservation-2_8iG55t.d.mts.map  [2m 4.92 kB[22m [2m│ gzip: 1.07 kB[22m
[34mℹ[39m [2mdist/[22msession-B5vdJWSn.mjs            [2m 4.52 kB[22m [2m│ gzip: 1.48 kB[22m
[34mℹ[39m [2mdist/[22mevidence-zVo8peHK.d.mts.map     [2m 4.51 kB[22m [2m│ gzip: 1.01 kB[22m
[34mℹ[39m [2mdist/[22mclaim-jpitgszJ.mjs              [2m 3.84 kB[22m [2m│ gzip: 1.35 kB[22m
[34mℹ[39m [2mdist/[22mcommon-DOuE9gYz.d.mts.map       [2m 3.07 kB[22m [2m│ gzip: 1.15 kB[22m
[34mℹ[39m [2mdist/[22mproof-Du6Gv8E0.d.mts.map        [2m 2.48 kB[22m [2m│ gzip: 0.74 kB[22m
[34mℹ[39m [2mdist/[22msession-Qu7cNNFR.d.mts.map      [2m 2.47 kB[22m [2m│ gzip: 0.72 kB[22m
[34mℹ[39m [2mdist/[22mclaim-D9LMd9H-.d.mts.map        [2m 1.88 kB[22m [2m│ gzip: 0.60 kB[22m
[34mℹ[39m [2mdist/[22mchunk-Duj1WY3L.mjs              [2m 0.17 kB[22m [2m│ gzip: 0.15 kB[22m
[34mℹ[39m [2mdist/[22m[32m[1mindex.d.mts[22m[39m                     [2m 7.75 kB[22m [2m│ gzip: 1.51 kB[22m
[34mℹ[39m [2mdist/[22m[32m[1mcommon.d.mts[22m[39m                    [2m 2.20 kB[22m [2m│ gzip: 0.52 kB[22m
[34mℹ[39m [2mdist/[22m[32m[1mevidence.d.mts[22m[39m                  [2m 1.55 kB[22m [2m│ gzip: 0.34 kB[22m
[34mℹ[39m [2mdist/[22m[32m[1mobservation.d.mts[22m[39m               [2m 1.51 kB[22m [2m│ gzip: 0.34 kB[22m
[34mℹ[39m [2mdist/[22m[32m[1msession.d.mts[22m[39m                   [2m 0.91 kB[22m [2m│ gzip: 0.28 kB[22m
[34mℹ[39m [2mdist/[22m[32m[1mproof.d.mts[22m[39m                     [2m 0.88 kB[22m [2m│ gzip: 0.26 kB[22m
[34mℹ[39m [2mdist/[22m[32m[1mclaim.d.mts[22m[39m                     [2m 0.73 kB[22m [2m│ gzip: 0.24 kB[22m
[34mℹ[39m [2mdist/[22m[32mobservation-2_8iG55t.d.mts[39m      [2m48.66 kB[22m [2m│ gzip: 3.28 kB[22m
[34mℹ[39m [2mdist/[22m[32mevidence-zVo8peHK.d.mts[39m         [2m37.95 kB[22m [2m│ gzip: 3.02 kB[22m
[34mℹ[39m [2mdist/[22m[32mproof-Du6Gv8E0.d.mts[39m            [2m 7.84 kB[22m [2m│ gzip: 1.59 kB[22m
[34mℹ[39m [2mdist/[22m[32mcommon-DOuE9gYz.d.mts[39m           [2m 7.27 kB[22m [2m│ gzip: 2.20 kB[22m
[34mℹ[39m [2mdist/[22m[32mclaim-D9LMd9H-.d.mts[39m            [2m 7.10 kB[22m [2m│ gzip: 1.32 kB[22m
[34mℹ[39m [2mdist/[22m[32msession-Qu7cNNFR.d.mts[39m          [2m 7.09 kB[22m [2m│ gzip: 1.42 kB[22m
[34mℹ[39m 39 files, total: 244.80 kB
[32m✔[39m Build complete in [32m939ms[39m
